Build started 1/21/2017 12:55:58 PM.
     1>Project "E:\students project Directx\Project14_box2d_circle\Project14_box2d_circle\Project14_box2d_circle.vcxproj" on node 2 (Rebuild target(s)).
     1>ClCompile:
         C:\Program Files (x86)\Microsoft Visual Studio 11.0\VC\bin\CL.exe /c /I"E:\Opengl ebooks\softwares\opengl-wrappers\glfw-3.1.2.bin.WIN32\glfw-3.1.2.bin.WIN32\include" /I"D:\Code blocks box2d\Box2D-master (1)\Box2D-master\Box2D" /I"E:\Opengl ebooks\softwares\opengl-wrappers\soil\Simple OpenGL Image Library\src" /ZI /nologo /W3 /WX- /Od /Oy- /D _MBCS /Gm /EHsc /RTC1 /MDd /GS /fp:precise /Zc:wchar_t /Zc:forScope /Fo"Debug\\" /Fd"Debug\vc110.pdb" /Gd /TP /analyze- /errorReport:prompt Source.cpp
         Source.cpp
     1>e:\students project directx\project14_box2d_circle\project14_box2d_circle\source.cpp(86): warning C4305: '=' : truncation from 'double' to 'float32'
     1>e:\students project directx\project14_box2d_circle\project14_box2d_circle\source.cpp(111): warning C4305: '=' : truncation from 'double' to 'float32'
     1>e:\students project directx\project14_box2d_circle\project14_box2d_circle\source.cpp(123): warning C4244: 'argument' : conversion from 'double' to 'GLfloat', possible loss of data
     1>e:\students project directx\project14_box2d_circle\project14_box2d_circle\source.cpp(136): warning C4244: 'initializing' : conversion from 'double' to 'float', possible loss of data
     1>e:\students project directx\project14_box2d_circle\project14_box2d_circle\source.cpp(142): warning C4244: 'initializing' : conversion from 'double' to 'float', possible loss of data
     1>e:\students project directx\project14_box2d_circle\project14_box2d_circle\source.cpp(143): warning C4244: 'initializing' : conversion from 'double' to 'float', possible loss of data
     1>e:\students project directx\project14_box2d_circle\project14_box2d_circle\source.cpp(158): warning C4244: 'argument' : conversion from 'double' to 'GLfloat', possible loss of data
     1>e:\students project directx\project14_box2d_circle\project14_box2d_circle\source.cpp(196): warning C4305: 'argument' : truncation from 'double' to 'float'
     1>e:\students project directx\project14_box2d_circle\project14_box2d_circle\source.cpp(214): warning C4305: 'argument' : truncation from 'double' to 'float32'
     1>e:\students project directx\project14_box2d_circle\project14_box2d_circle\source.cpp(235): warning C4305: 'argument' : truncation from 'double' to 'float32'
     1>e:\students project directx\project14_box2d_circle\project14_box2d_circle\source.cpp(249): warning C4244: 'argument' : conversion from 'double' to 'int', possible loss of data
     1>e:\students project directx\project14_box2d_circle\project14_box2d_circle\source.cpp(265): warning C4244: 'argument' : conversion from 'double' to 'int', possible loss of data
       Link:
         C:\Program Files (x86)\Microsoft Visual Studio 11.0\VC\bin\link.exe /ERRORREPORT:PROMPT /OUT:"E:\students project Directx\Project14_box2d_circle\Debug\Project14_box2d_circle.exe" /INCREMENTAL /NOLOGO /LIBPATH:"E:\Opengl ebooks\softwares\opengl-wrappers\glfw-3.1.2.bin.WIN32\glfw-3.1.2.bin.WIN32\lib-vc2012" /LIBPATH:"D:\Code blocks box2d\Box2D-master (1)\Box2D-master\Box2D\lib" /LIBPATH:"E:\Opengl ebooks\softwares\opengl-wrappers\soil\Simple OpenGL Image Library\lib" opengl32.lib glfw3.lib BOX2D.lib SOIL.lib kernel32.lib user32.lib gdi32.lib winspool.lib comdlg32.lib advapi32.lib shell32.lib ole32.lib oleaut32.lib uuid.lib odbc32.lib odbccp32.lib /MANIFEST /MANIFESTUAC:"level='asInvoker' uiAccess='false'" /manifest:embed /DEBUG /PDB:"E:\students project Directx\Project14_box2d_circle\Debug\Project14_box2d_circle.pdb" /TLBID:1 /DYNAMICBASE /NXCOMPAT /IMPLIB:"E:\students project Directx\Project14_box2d_circle\Debug\Project14_box2d_circle.lib" /MACHINE:X86 Debug\Source.obj
     1>LINK : warning LNK4098: defaultlib 'MSVCRT' conflicts with use of other libs; use /NODEFAULTLIB:library
         Project14_box2d_circle.vcxproj -> E:\students project Directx\Project14_box2d_circle\Debug\Project14_box2d_circle.exe
     1>Done Building Project "E:\students project Directx\Project14_box2d_circle\Project14_box2d_circle\Project14_box2d_circle.vcxproj" (Rebuild target(s)).

Build succeeded.

Time Elapsed 00:00:04.91
